# Logfile created on 2014-06-10 07:40:41 +0100 by logger.rb/44203
I, [2014-06-10T07:40:41.197917 #37795]  INFO -- : 0:  RedCloth (4.2.9) from /Users/Gianluca/.rvm/gems/ruby-2.0.0-p353/specifications/RedCloth-4.2.9.gemspec
I, [2014-06-10T07:40:41.198565 #37795]  INFO -- : 0:  i18n (0.6.9) from /Users/Gianluca/.rvm/gems/ruby-2.0.0-p353/specifications/i18n-0.6.9.gemspec
I, [2014-06-10T07:40:41.198816 #37795]  INFO -- : 0:  json (1.8.1) from /Users/Gianluca/.rvm/gems/ruby-2.0.0-p353/specifications/json-1.8.1.gemspec
I, [2014-06-10T07:40:42.384177 #37795]  INFO -- : 0:  minitest (5.3.4) from /Users/Gianluca/.rvm/gems/ruby-2.0.0-p353/specifications/minitest-5.3.4.gemspec
I, [2014-06-10T07:40:43.600065 #37795]  INFO -- : 0:  thread_safe (0.3.4) from /Users/Gianluca/.rvm/gems/ruby-2.0.0-p353/specifications/thread_safe-0.3.4.gemspec
I, [2014-06-10T07:40:44.910852 #37795]  INFO -- : 0:  tzinfo (1.2.1) from /Users/Gianluca/.rvm/gems/ruby-2.0.0-p353/specifications/tzinfo-1.2.1.gemspec
I, [2014-06-10T07:40:46.391572 #37795]  INFO -- : 0:  activesupport (4.1.1) from /Users/Gianluca/.rvm/gems/ruby-2.0.0-p353/specifications/activesupport-4.1.1.gemspec
I, [2014-06-10T07:40:46.391853 #37795]  INFO -- : 0:  blankslate (2.1.2.4) from /Users/Gianluca/.rvm/gems/ruby-2.0.0-p353/specifications/blankslate-2.1.2.4.gemspec
I, [2014-06-10T07:40:46.392052 #37795]  INFO -- : 0:  fast-stemmer (1.0.2) from /Users/Gianluca/.rvm/gems/ruby-2.0.0-p353/specifications/fast-stemmer-1.0.2.gemspec
I, [2014-06-10T07:40:46.392248 #37795]  INFO -- : 0:  classifier (1.3.4) from /Users/Gianluca/.rvm/gems/ruby-2.0.0-p353/specifications/classifier-1.3.4.gemspec
I, [2014-06-10T07:40:46.392438 #37795]  INFO -- : 0:  colorator (0.1) from /Users/Gianluca/.rvm/gems/ruby-2.0.0-p353/specifications/colorator-0.1.gemspec
I, [2014-06-10T07:40:46.392630 #37795]  INFO -- : 0:  highline (1.6.21) from /Users/Gianluca/.rvm/gems/ruby-2.0.0-p353/specifications/highline-1.6.21.gemspec
I, [2014-06-10T07:40:46.392818 #37795]  INFO -- : 0:  commander (4.1.6) from /Users/Gianluca/.rvm/gems/ruby-2.0.0-p353/specifications/commander-4.1.6.gemspec
I, [2014-06-10T07:40:46.393009 #37795]  INFO -- : 0:  ffi (1.9.3) from /Users/Gianluca/.rvm/gems/ruby-2.0.0-p353/specifications/ffi-1.9.3.gemspec
I, [2014-06-10T07:40:54.582851 #37795]  INFO -- : 0:  gemoji (1.5.0) from /Users/Gianluca/.rvm/gems/ruby-2.0.0-p353/specifications/gemoji-1.5.0.gemspec
I, [2014-06-10T07:40:54.583134 #37795]  INFO -- : 0:  liquid (2.5.5) from /Users/Gianluca/.rvm/gems/ruby-2.0.0-p353/specifications/liquid-2.5.5.gemspec
I, [2014-06-10T07:40:54.583366 #37795]  INFO -- : 0:  rb-fsevent (0.9.4) from /Users/Gianluca/.rvm/gems/ruby-2.0.0-p353/specifications/rb-fsevent-0.9.4.gemspec
I, [2014-06-10T07:40:55.634299 #37795]  INFO -- : 0:  rb-inotify (0.9.5) from /Users/Gianluca/.rvm/gems/ruby-2.0.0-p353/specifications/rb-inotify-0.9.5.gemspec
I, [2014-06-10T07:40:56.690436 #37795]  INFO -- : 0:  rb-kqueue (0.2.3) from /Users/Gianluca/.rvm/gems/ruby-2.0.0-p353/specifications/rb-kqueue-0.2.3.gemspec
I, [2014-06-10T07:40:56.690828 #37795]  INFO -- : 0:  listen (1.3.1) from /Users/Gianluca/.rvm/gems/ruby-2.0.0-p353/specifications/listen-1.3.1.gemspec
I, [2014-06-10T07:40:56.691158 #37795]  INFO -- : 0:  maruku (0.7.0) from /Users/Gianluca/.rvm/gems/ruby-2.0.0-p353/specifications/maruku-0.7.0.gemspec
I, [2014-06-10T07:40:56.691449 #37795]  INFO -- : 0:  posix-spawn (0.3.8) from /Users/Gianluca/.rvm/gems/ruby-2.0.0-p353/specifications/posix-spawn-0.3.8.gemspec
I, [2014-06-10T07:40:56.691748 #37795]  INFO -- : 0:  yajl-ruby (1.1.0) from /Users/Gianluca/.rvm/gems/ruby-2.0.0-p353/specifications/yajl-ruby-1.1.0.gemspec
I, [2014-06-10T07:40:56.692044 #37795]  INFO -- : 0:  pygments.rb (0.5.4) from /Users/Gianluca/.rvm/gems/ruby-2.0.0-p353/specifications/pygments.rb-0.5.4.gemspec
I, [2014-06-10T07:40:56.692340 #37795]  INFO -- : 0:  redcarpet (2.3.0) from /Users/Gianluca/.rvm/gems/ruby-2.0.0-p353/specifications/redcarpet-2.3.0.gemspec
I, [2014-06-10T07:40:57.778238 #37795]  INFO -- : 0:  safe_yaml (1.0.3) from /Users/Gianluca/.rvm/gems/ruby-2.0.0-p353/specifications/safe_yaml-1.0.3.gemspec
I, [2014-06-10T07:40:57.778523 #37795]  INFO -- : 0:  parslet (1.5.0) from /Users/Gianluca/.rvm/gems/ruby-2.0.0-p353/specifications/parslet-1.5.0.gemspec
I, [2014-06-10T07:40:57.778720 #37795]  INFO -- : 0:  toml (0.1.1) from /Users/Gianluca/.rvm/gems/ruby-2.0.0-p353/specifications/toml-0.1.1.gemspec
I, [2014-06-10T07:40:59.412012 #37795]  INFO -- : 0:  jekyll (1.5.1) from /Users/Gianluca/.rvm/gems/ruby-2.0.0-p353/specifications/jekyll-1.5.1.gemspec
I, [2014-06-10T07:41:00.328424 #37795]  INFO -- : 0:  mini_portile (0.6.0) from /Users/Gianluca/.rvm/gems/ruby-2.0.0-p353/specifications/mini_portile-0.6.0.gemspec
I, [2014-06-10T07:41:53.959263 #37795]  INFO -- : 0:  nokogiri (1.6.2.1) from /Users/Gianluca/.rvm/gems/ruby-2.0.0-p353/specifications/nokogiri-1.6.2.1.gemspec
I, [2014-06-10T07:41:55.903912 #37795]  INFO -- : 0:  html-pipeline (1.5.0) from /Users/Gianluca/.rvm/gems/ruby-2.0.0-p353/specifications/html-pipeline-1.5.0.gemspec
I, [2014-06-10T07:41:56.882131 #37795]  INFO -- : 0:  jekyll-mentions (0.0.6) from /Users/Gianluca/.rvm/gems/ruby-2.0.0-p353/specifications/jekyll-mentions-0.0.6.gemspec
I, [2014-06-10T07:41:57.867376 #37795]  INFO -- : 0:  jekyll-redirect-from (0.3.1) from /Users/Gianluca/.rvm/gems/ruby-2.0.0-p353/specifications/jekyll-redirect-from-0.3.1.gemspec
I, [2014-06-10T07:41:59.297109 #37795]  INFO -- : 0:  jekyll-sitemap (0.3.0) from /Users/Gianluca/.rvm/gems/ruby-2.0.0-p353/specifications/jekyll-sitemap-0.3.0.gemspec
I, [2014-06-10T07:42:00.377265 #37795]  INFO -- : 0:  jemoji (0.1.0) from /Users/Gianluca/.rvm/gems/ruby-2.0.0-p353/specifications/jemoji-0.1.0.gemspec
I, [2014-06-10T07:42:01.782580 #37795]  INFO -- : 0:  kramdown (1.3.1) from /Users/Gianluca/.rvm/gems/ruby-2.0.0-p353/specifications/kramdown-1.3.1.gemspec
I, [2014-06-10T07:42:05.025809 #37795]  INFO -- : 0:  rdiscount (2.1.7) from /Users/Gianluca/.rvm/gems/ruby-2.0.0-p353/specifications/rdiscount-2.1.7.gemspec
I, [2014-06-10T07:42:06.015981 #37795]  INFO -- : 0:  github-pages (19) from /Users/Gianluca/.rvm/gems/ruby-2.0.0-p353/specifications/github-pages-19.gemspec
I, [2014-06-10T07:42:06.016276 #37795]  INFO -- : 0:  bundler (1.5.1) from /Users/Gianluca/.rvm/gems/ruby-2.0.0-p353@global/specifications/bundler-1.5.1.gemspec
I, [2014-06-10T07:46:26.080740 #59716]  INFO -- : 0:  RedCloth (4.2.9) from /Users/Gianluca/.rvm/gems/ruby-2.0.0-p353/specifications/RedCloth-4.2.9.gemspec
I, [2014-06-10T07:46:26.081078 #59716]  INFO -- : 0:  i18n (0.6.9) from /Users/Gianluca/.rvm/gems/ruby-2.0.0-p353/specifications/i18n-0.6.9.gemspec
I, [2014-06-10T07:46:26.081257 #59716]  INFO -- : 0:  json (1.8.1) from /Users/Gianluca/.rvm/gems/ruby-2.0.0-p353/specifications/json-1.8.1.gemspec
I, [2014-06-10T07:46:26.081458 #59716]  INFO -- : 0:  minitest (5.3.4) from /Users/Gianluca/.rvm/gems/ruby-2.0.0-p353/specifications/minitest-5.3.4.gemspec
I, [2014-06-10T07:46:26.081692 #59716]  INFO -- : 0:  thread_safe (0.3.4) from /Users/Gianluca/.rvm/gems/ruby-2.0.0-p353/specifications/thread_safe-0.3.4.gemspec
I, [2014-06-10T07:46:26.081911 #59716]  INFO -- : 0:  tzinfo (1.2.1) from /Users/Gianluca/.rvm/gems/ruby-2.0.0-p353/specifications/tzinfo-1.2.1.gemspec
I, [2014-06-10T07:46:26.082131 #59716]  INFO -- : 0:  activesupport (4.1.1) from /Users/Gianluca/.rvm/gems/ruby-2.0.0-p353/specifications/activesupport-4.1.1.gemspec
I, [2014-06-10T07:46:26.082345 #59716]  INFO -- : 0:  blankslate (2.1.2.4) from /Users/Gianluca/.rvm/gems/ruby-2.0.0-p353/specifications/blankslate-2.1.2.4.gemspec
I, [2014-06-10T07:46:26.082559 #59716]  INFO -- : 0:  fast-stemmer (1.0.2) from /Users/Gianluca/.rvm/gems/ruby-2.0.0-p353/specifications/fast-stemmer-1.0.2.gemspec
I, [2014-06-10T07:46:26.082788 #59716]  INFO -- : 0:  classifier (1.3.4) from /Users/Gianluca/.rvm/gems/ruby-2.0.0-p353/specifications/classifier-1.3.4.gemspec
I, [2014-06-10T07:46:26.083008 #59716]  INFO -- : 0:  colorator (0.1) from /Users/Gianluca/.rvm/gems/ruby-2.0.0-p353/specifications/colorator-0.1.gemspec
I, [2014-06-10T07:46:26.083231 #59716]  INFO -- : 0:  highline (1.6.21) from /Users/Gianluca/.rvm/gems/ruby-2.0.0-p353/specifications/highline-1.6.21.gemspec
I, [2014-06-10T07:46:26.083456 #59716]  INFO -- : 0:  commander (4.1.6) from /Users/Gianluca/.rvm/gems/ruby-2.0.0-p353/specifications/commander-4.1.6.gemspec
I, [2014-06-10T07:46:26.083667 #59716]  INFO -- : 0:  ffi (1.9.3) from /Users/Gianluca/.rvm/gems/ruby-2.0.0-p353/specifications/ffi-1.9.3.gemspec
I, [2014-06-10T07:46:26.083880 #59716]  INFO -- : 0:  gemoji (1.5.0) from /Users/Gianluca/.rvm/gems/ruby-2.0.0-p353/specifications/gemoji-1.5.0.gemspec
I, [2014-06-10T07:46:26.084091 #59716]  INFO -- : 0:  liquid (2.5.5) from /Users/Gianluca/.rvm/gems/ruby-2.0.0-p353/specifications/liquid-2.5.5.gemspec
I, [2014-06-10T07:46:26.084330 #59716]  INFO -- : 0:  rb-fsevent (0.9.4) from /Users/Gianluca/.rvm/gems/ruby-2.0.0-p353/specifications/rb-fsevent-0.9.4.gemspec
I, [2014-06-10T07:46:26.084573 #59716]  INFO -- : 0:  rb-inotify (0.9.5) from /Users/Gianluca/.rvm/gems/ruby-2.0.0-p353/specifications/rb-inotify-0.9.5.gemspec
I, [2014-06-10T07:46:26.084800 #59716]  INFO -- : 0:  rb-kqueue (0.2.3) from /Users/Gianluca/.rvm/gems/ruby-2.0.0-p353/specifications/rb-kqueue-0.2.3.gemspec
I, [2014-06-10T07:46:26.085067 #59716]  INFO -- : 0:  listen (1.3.1) from /Users/Gianluca/.rvm/gems/ruby-2.0.0-p353/specifications/listen-1.3.1.gemspec
I, [2014-06-10T07:46:26.085284 #59716]  INFO -- : 0:  maruku (0.7.0) from /Users/Gianluca/.rvm/gems/ruby-2.0.0-p353/specifications/maruku-0.7.0.gemspec
I, [2014-06-10T07:46:26.085559 #59716]  INFO -- : 0:  posix-spawn (0.3.8) from /Users/Gianluca/.rvm/gems/ruby-2.0.0-p353/specifications/posix-spawn-0.3.8.gemspec
I, [2014-06-10T07:46:26.085772 #59716]  INFO -- : 0:  yajl-ruby (1.1.0) from /Users/Gianluca/.rvm/gems/ruby-2.0.0-p353/specifications/yajl-ruby-1.1.0.gemspec
I, [2014-06-10T07:46:26.085977 #59716]  INFO -- : 0:  pygments.rb (0.5.4) from /Users/Gianluca/.rvm/gems/ruby-2.0.0-p353/specifications/pygments.rb-0.5.4.gemspec
I, [2014-06-10T07:46:26.086198 #59716]  INFO -- : 0:  redcarpet (2.3.0) from /Users/Gianluca/.rvm/gems/ruby-2.0.0-p353/specifications/redcarpet-2.3.0.gemspec
I, [2014-06-10T07:46:26.086427 #59716]  INFO -- : 0:  safe_yaml (1.0.3) from /Users/Gianluca/.rvm/gems/ruby-2.0.0-p353/specifications/safe_yaml-1.0.3.gemspec
I, [2014-06-10T07:46:26.086622 #59716]  INFO -- : 0:  parslet (1.5.0) from /Users/Gianluca/.rvm/gems/ruby-2.0.0-p353/specifications/parslet-1.5.0.gemspec
I, [2014-06-10T07:46:26.086849 #59716]  INFO -- : 0:  toml (0.1.1) from /Users/Gianluca/.rvm/gems/ruby-2.0.0-p353/specifications/toml-0.1.1.gemspec
I, [2014-06-10T07:46:26.087085 #59716]  INFO -- : 0:  jekyll (1.5.1) from /Users/Gianluca/.rvm/gems/ruby-2.0.0-p353/specifications/jekyll-1.5.1.gemspec
I, [2014-06-10T07:46:26.087300 #59716]  INFO -- : 0:  mini_portile (0.6.0) from /Users/Gianluca/.rvm/gems/ruby-2.0.0-p353/specifications/mini_portile-0.6.0.gemspec
I, [2014-06-10T07:46:26.087530 #59716]  INFO -- : 0:  nokogiri (1.6.2.1) from /Users/Gianluca/.rvm/gems/ruby-2.0.0-p353/specifications/nokogiri-1.6.2.1.gemspec
I, [2014-06-10T07:46:26.087762 #59716]  INFO -- : 0:  html-pipeline (1.5.0) from /Users/Gianluca/.rvm/gems/ruby-2.0.0-p353/specifications/html-pipeline-1.5.0.gemspec
I, [2014-06-10T07:46:26.087973 #59716]  INFO -- : 0:  jekyll-mentions (0.0.6) from /Users/Gianluca/.rvm/gems/ruby-2.0.0-p353/specifications/jekyll-mentions-0.0.6.gemspec
I, [2014-06-10T07:46:26.088179 #59716]  INFO -- : 0:  jekyll-redirect-from (0.3.1) from /Users/Gianluca/.rvm/gems/ruby-2.0.0-p353/specifications/jekyll-redirect-from-0.3.1.gemspec
I, [2014-06-10T07:46:26.088391 #59716]  INFO -- : 0:  jekyll-sitemap (0.3.0) from /Users/Gianluca/.rvm/gems/ruby-2.0.0-p353/specifications/jekyll-sitemap-0.3.0.gemspec
I, [2014-06-10T07:46:26.088631 #59716]  INFO -- : 0:  jemoji (0.1.0) from /Users/Gianluca/.rvm/gems/ruby-2.0.0-p353/specifications/jemoji-0.1.0.gemspec
I, [2014-06-10T07:46:26.088848 #59716]  INFO -- : 0:  kramdown (1.3.1) from /Users/Gianluca/.rvm/gems/ruby-2.0.0-p353/specifications/kramdown-1.3.1.gemspec
I, [2014-06-10T07:46:26.089033 #59716]  INFO -- : 0:  rdiscount (2.1.7) from /Users/Gianluca/.rvm/gems/ruby-2.0.0-p353/specifications/rdiscount-2.1.7.gemspec
I, [2014-06-10T07:46:26.089239 #59716]  INFO -- : 0:  github-pages (19) from /Users/Gianluca/.rvm/gems/ruby-2.0.0-p353/specifications/github-pages-19.gemspec
I, [2014-06-10T07:46:26.089417 #59716]  INFO -- : 0:  bundler (1.5.1) from /Users/Gianluca/.rvm/gems/ruby-2.0.0-p353@global/specifications/bundler-1.5.1.gemspec
